<?xml version="1.0" encoding="UTF-8"?>
<testsuite xmlns:xsi="http://www.w3.org/2001/XMLSchema-instance" xsi:noNamespaceSchemaLocation="https://maven.apache.org/surefire/maven-surefire-plugin/xsd/surefire-test-report-3.0.xsd" version="3.0" name="com.example.StringCalculatorTest" time="0.032" tests="1" errors="0" skipped="0" failures="0">
  <properties>
    <property name="sun.desktop" value="windows"/>
    <property name="awt.toolkit" value="sun.awt.windows.WToolkit"/>
    <property name="file.encoding.pkg" value="sun.io"/>
    <property name="java.specification.version" value="1.8"/>
    <property name="sun.cpu.isalist" value="amd64"/>
    <property name="sun.jnu.encoding" value="Cp1252"/>
    <property name="java.class.path" value="C:\Users\MRUNALI\Documents\StringCalculatorSimplifiedTDD\StringCalculator\target\test-classes;C:\Users\MRUNALI\Documents\StringCalculatorSimplifiedTDD\StringCalculator\target\classes;C:\Users\MRUNALI\.m2\repository\junit\junit\4.13.2\junit-4.13.2.jar;C:\Users\MRUNALI\.m2\repository\org\hamcrest\hamcrest-core\1.3\hamcrest-core-1.3.jar;"/>
    <property name="java.vm.vendor" value="Amazon.com Inc."/>
    <property name="sun.arch.data.model" value="64"/>
    <property name="user.variant" value=""/>
    <property name="java.vendor.url" value="https://aws.amazon.com/corretto/"/>
    <property name="user.timezone" value="Asia/Calcutta"/>
    <property name="java.vm.specification.version" value="1.8"/>
    <property name="os.name" value="Windows 11"/>
    <property name="user.country" value="IN"/>
    <property name="sun.java.launcher" value="SUN_STANDARD"/>
    <property name="sun.boot.library.path" value="C:\Users\MRUNALI\.jdks\corretto-1.8.0_422\jre\bin"/>
    <property name="sun.java.command" value="C:\Users\MRUNALI\AppData\Local\Temp\surefire6926638901237896833\surefirebooter-20241106190318957_3.jar C:\Users\MRUNALI\AppData\Local\Temp\surefire6926638901237896833 2024-11-06T19-03-18_597-jvmRun1 surefire-20241106190318957_1tmp surefire_0-20241106190318957_2tmp"/>
    <property name="surefire.test.class.path" value="C:\Users\MRUNALI\Documents\StringCalculatorSimplifiedTDD\StringCalculator\target\test-classes;C:\Users\MRUNALI\Documents\StringCalculatorSimplifiedTDD\StringCalculator\target\classes;C:\Users\MRUNALI\.m2\repository\junit\junit\4.13.2\junit-4.13.2.jar;C:\Users\MRUNALI\.m2\repository\org\hamcrest\hamcrest-core\1.3\hamcrest-core-1.3.jar;"/>
    <property name="sun.cpu.endian" value="little"/>
    <property name="user.home" value="C:\Users\MRUNALI"/>
    <property name="user.language" value="en"/>
    <property name="java.specification.vendor" value="Oracle Corporation"/>
    <property name="java.home" value="C:\Users\MRUNALI\.jdks\corretto-1.8.0_422\jre"/>
    <property name="basedir" value="C:\Users\MRUNALI\Documents\StringCalculatorSimplifiedTDD\StringCalculator"/>
    <property name="file.separator" value="\"/>
    <property name="line.separator" value="&#10;"/>
    <property name="java.vm.specification.vendor" value="Oracle Corporation"/>
    <property name="java.specification.name" value="Java Platform API Specification"/>
    <property name="java.awt.graphicsenv" value="sun.awt.Win32GraphicsEnvironment"/>
    <property name="surefire.real.class.path" value="C:\Users\MRUNALI\AppData\Local\Temp\surefire6926638901237896833\surefirebooter-20241106190318957_3.jar"/>
    <property name="sun.boot.class.path" value="C:\Users\MRUNALI\.jdks\corretto-1.8.0_422\jre\lib\resources.jar;C:\Users\MRUNALI\.jdks\corretto-1.8.0_422\jre\lib\rt.jar;C:\Users\MRUNALI\.jdks\corretto-1.8.0_422\jre\lib\sunrsasign.jar;C:\Users\MRUNALI\.jdks\corretto-1.8.0_422\jre\lib\jsse.jar;C:\Users\MRUNALI\.jdks\corretto-1.8.0_422\jre\lib\jce.jar;C:\Users\MRUNALI\.jdks\corretto-1.8.0_422\jre\lib\charsets.jar;C:\Users\MRUNALI\.jdks\corretto-1.8.0_422\jre\lib\jfr.jar;C:\Users\MRUNALI\.jdks\corretto-1.8.0_422\jre\classes"/>
    <property name="user.script" value=""/>
    <property name="sun.management.compiler" value="HotSpot 64-Bit Tiered Compilers"/>
    <property name="java.runtime.version" value="1.8.0_422-b05"/>
    <property name="user.name" value="MRUNALI"/>
    <property name="path.separator" value=";"/>
    <property name="os.version" value="10.0"/>
    <property name="java.endorsed.dirs" value="C:\Users\MRUNALI\.jdks\corretto-1.8.0_422\jre\lib\endorsed"/>
    <property name="java.runtime.name" value="OpenJDK Runtime Environment"/>
    <property name="file.encoding" value="Cp1252"/>
    <property name="java.vm.name" value="OpenJDK 64-Bit Server VM"/>
    <property name="localRepository" value="C:\Users\MRUNALI\.m2\repository"/>
    <property name="java.vendor.url.bug" value="https://github.com/corretto/corretto-8/issues/"/>
    <property name="java.io.tmpdir" value="C:\Users\MRUNALI\AppData\Local\Temp\"/>
    <property name="idea.version" value="2023.3.2"/>
    <property name="java.version" value="1.8.0_422"/>
    <property name="user.dir" value="C:\Users\MRUNALI\Documents\StringCalculatorSimplifiedTDD\StringCalculator"/>
    <property name="os.arch" value="amd64"/>
    <property name="java.vm.specification.name" value="Java Virtual Machine Specification"/>
    <property name="java.awt.printerjob" value="sun.awt.windows.WPrinterJob"/>
    <property name="sun.os.patch.level" value=""/>
    <property name="java.library.path" value="C:\Users\MRUNALI\.jdks\corretto-1.8.0_422\jre\bin;C:\windows\Sun\Java\bin;C:\windows\system32;C:\windows;C:\Program Files\Eclipse Adoptium\jdk-8.0.412.8-hotspot\bin;C:\windows\system32;C:\windows;C:\windows\System32\Wbem;C:\windows\System32\WindowsPowerShell\v1.0\;C:\windows\System32\OpenSSH\;C:\Program Files\Git\cmd;C:\Users\MRUNALI\Downloads\apache-maven-3.9.6-bin\apache-maven-3.9.6\bin;C:\Program Files\apache-maven-3.9.6\bin;C:\Program Files\HP\HP One Agent;C:\Program Files (x86)\Java\jdk8\bin;C:\Users\MRUNALI\AppData\Local\Microsoft\WindowsApps;C:\Program Files\JetBrains\IntelliJ IDEA Community Edition 2023.3.2\bin;;C:\Users\MRUNALI\AppData\Local\Programs\Microsoft VS Code\bin;C:\Program Files\apache-maven-3.9.6;C:\Program Files (x86)\Java\jdk8\bin;;."/>
    <property name="java.vm.info" value="mixed mode"/>
    <property name="java.vendor" value="Amazon.com Inc."/>
    <property name="java.vm.version" value="25.422-b05"/>
    <property name="java.specification.maintenance.version" value="5"/>
    <property name="java.ext.dirs" value="C:\Users\MRUNALI\.jdks\corretto-1.8.0_422\jre\lib\ext;C:\windows\Sun\Java\lib\ext"/>
    <property name="sun.io.unicode.encoding" value="UnicodeLittle"/>
    <property name="java.class.version" value="52.0"/>
  </properties>
  <testcase name="testEmptyString" classname="com.example.StringCalculatorTest" time="0.003"/>
</testsuite>